<?xml version="1.0" encoding="UTF-8"?>
<!-- Generated by org.testng.reporters.JUnitXMLReporter -->
<testsuite ignored="0" hostname="Pramod" failures="1" tests="1" name="Chrome_HomePageTest" time="21.762" errors="0" timestamp="2025-12-25T13:04:27 IST">
  <testcase classname="tests.HomePageVisualTest" name="compareHomePageScreenshotAcrossRuns" time="12.037">
    <failure type="java.lang.AssertionError" message="Visual differences detected. Manual review required.">
      <![CDATA[java.lang.AssertionError: Visual differences detected. Manual review required.
at tests.HomePageVisualTest.compareHomePageScreenshotAcrossRuns(HomePageVisualTest.java:54)
at java.base/java.util.ArrayList.forEach(ArrayList.java:1596)
... Removed 26 stack frames]]>
    </failure>
  </testcase> <!-- compareHomePageScreenshotAcrossRuns -->
</testsuite> <!-- Chrome_HomePageTest -->
